2025-12-16 17:13:28,403 [INFO] Navigating to https://recreation.ubc.ca/tennis/court-booking/
2025-12-16 17:13:34,544 [INFO] Clicking 'Book a Court' button
2025-12-16 17:13:35,980 [INFO] Clicked 'Book a Court' using selector: text='Book a Court'
2025-12-16 17:13:35,980 [INFO] Waiting briefly for court list to load (2-3 seconds)...
2025-12-16 17:13:38,531 [INFO] Processing Court 01 (1/1 courts)
2025-12-16 17:13:39,043 [WARNING] Not on court list page, attempting to navigate back...
2025-12-16 17:13:44,216 [INFO] ✅ Found Choose button for Court 01 using listitem method
2025-12-16 17:13:45,757 [INFO] Clicking 'Choose' button for Court 01...
2025-12-16 17:13:45,772 [INFO] ✅ Clicked 'Choose' for Court 01
2025-12-16 17:13:47,774 [INFO] Waiting for schedule page to load for Court 01...
2025-12-16 17:13:47,774 [INFO] Waiting for schedule page for Court 01 (max wait: 30 seconds)...
2025-12-16 17:13:47,797 [INFO] ✅ VERIFIED on correct schedule page for Court 01 (URL: https://ubc.perfectmind.com/24063/Clients/BookMe4LandingPages/Facility?facilityId=c0668c1c-1fd6-4432)
2025-12-16 17:13:47,798 [INFO] ✅ Verified on correct page for Court 01, waiting for calendar to render...
2025-12-16 17:13:49,802 [INFO] Verifying we're on the correct page for Court 01 before scraping...
2025-12-16 17:13:50,098 [INFO] ✅ Verified on Court 01's page, proceeding with scraping...
2025-12-16 17:13:52,102 [INFO] Checking slots for December 16, 2025 (2025-12-16) - day offset 0
2025-12-16 17:13:52,103 [INFO] Checking today's slots (no jump needed)
2025-12-16 17:13:53,195 [INFO] Checking slots for December 17, 2025 (2025-12-17) - day offset 1
2025-12-16 17:13:57,891 [INFO] Checking slots for December 18, 2025 (2025-12-18) - day offset 2
2025-12-16 17:14:02,623 [INFO] Checking slots for December 19, 2025 (2025-12-19) - day offset 3
2025-12-16 17:14:07,152 [INFO] Found 16 slots for Court 01
2025-12-16 17:14:07,152 [INFO] Scraped 16 slots from Court 01
2025-12-16 17:14:07,152 [INFO] Navigating back from Court 01 schedule page...
2025-12-16 17:14:17,159 [INFO] go_back() failed, navigating directly to booking page
2025-12-16 17:14:20,349 [INFO] Waiting briefly for court list to load (2-3 seconds)...
2025-12-16 17:14:22,854 [INFO] ✅ Successfully navigated back by re-clicking Book a Court (fully loaded)
2025-12-16 17:14:22,854 [INFO] Scraping complete. Found 16 total slots
2025-12-16 17:14:22,951 [INFO] Scraped 16 slots
